

Microchip MPLAB XC8 Assembler V2.05 build -831301201 
                                                                                               Sat Aug 31 23:37:01 2019

Microchip MPLAB XC8 C Compiler v2.05 (Free license) build 20181220022703 Og1 
     1                           	processor	18F4550
     2                           	fnconf	rparam,??,?,0
     3                           	opt	pw 120
     4                           	opt	flic
     5                           	psect	cinit,global,reloc=2,class=CODE,delta=1
     6                           	psect	bssCOMRAM,global,class=COMRAM,space=1,delta=1,noexec
     7                           	psect	cstackCOMRAM,global,class=COMRAM,space=1,delta=1,noexec
     8                           	psect	text0,global,reloc=2,class=CODE,delta=1
     9                           	psect	text1,global,reloc=2,class=CODE,delta=1
    10                           	psect	text2,global,reloc=2,class=CODE,delta=1
    11                           	psect	text3,global,reloc=2,class=CODE,delta=1
    12                           	psect	text4,global,reloc=2,class=CODE,delta=1
    13                           	psect	text5,global,reloc=2,class=CODE,delta=1
    14                           	psect	text6,global,reloc=2,class=CODE,delta=1
    15                           	psect	text7,global,reloc=2,class=CODE,delta=1
    16                           	psect	text8,global,reloc=2,class=CODE,delta=1
    17                           	psect	text9,global,reloc=2,class=CODE,delta=1
    18                           	psect	text10,global,reloc=2,class=CODE,delta=1
    19                           	psect	text11,global,reloc=2,class=CODE,delta=1,group=1
    20                           	psect	intsave_regs,global,class=BIGRAM,space=1,delta=1,noexec
    21                           	psect	rparam,global,class=COMRAM,space=1,delta=1,noexec
    22  0000                     
    23                           ; Version 2.05
    24                           ; Generated 20/12/2018 GMT
    25                           ; 
    26                           ; Copyright © 2018, Microchip Technology Inc. and its subsidiaries ("Microchip")
    27                           ; All rights reserved.
    28                           ; 
    29                           ; This software is developed by Microchip Technology Inc. and its subsidiaries ("Microch
      +                          ip").
    30                           ; 
    31                           ; Redistribution and use in source and binary forms, with or without modification, are
    32                           ; permitted provided that the following conditions are met:
    33                           ; 
    34                           ;     1. Redistributions of source code must retain the above copyright notice, this lis
      +                          t of
    35                           ;        conditions and the following disclaimer.
    36                           ; 
    37                           ;     2. Redistributions in binary form must reproduce the above copyright notice, this 
      +                          list
    38                           ;        of conditions and the following disclaimer in the documentation and/or other
    39                           ;        materials provided with the distribution.
    40                           ; 
    41                           ;     3. Microchip's name may not be used to endorse or promote products derived from th
      +                          is
    42                           ;        software without specific prior written permission.
    43                           ; 
    44                           ; THIS SOFTWARE IS PROVIDED BY MICROCHIP "AS IS" AND ANY EXPRESS OR IMPLIED WARRANTIES,
    45                           ; INCLUDING, BUT NOT LIMITED TO, THE IMPLIED WARRANTIES OF MERCHANTABILITY AND FITNESS F
      +                          OR
    46                           ; PURPOSE ARE DISCLAIMED.  IN NO EVENT SHALL MICROCHIP BE LIABLE FOR ANY DIRECT, INDIREC
      +                          T,
    47                           ; INCIDENTAL, SPECIAL, EXEMPLARY, OR CONSEQUENTIAL DAMAGES (INCLUDING BUT NOT LIMITED TO
    48                           ; PROCUREMENT OF SUBSTITUTE GOODS OR SERVICES; LOSS OF USE, DATA OR PROFITS; OR BUSINESS
    49                           ; INTERRUPTION) HOWSOEVER CAUSED AND ON ANY THEORY OF LIABILITY, WHETHER IN CONTRACT, ST
      +                          RICT
    50                           ; LIABILITY, OR TORT (INCLUDING NEGLIGENCE OR OTHERWISE) ARISING IN ANY WAY OUT OF THE U
      +                          SE OF
    51                           ; THIS SOFTWARE, EVEN IF ADVISED OF THE POSSIBILITY OF SUCH DAMAGE.
    52                           ; 
    53                           ; 
    54                           ; Code-generator required, PIC18F4550 Definitions
    55                           ; 
    56                           ; SFR Addresses
    57  0000                     _LATD	set	3980
    58  0000                     _TRISD	set	3989
    59  0000                     _SSPBUF	set	4041
    60  0000                     _PIR1	set	3998
    61  0000                     _PIE1	set	3997
    62  0000                     _SSPADD	set	4040
    63  0000                     _SSPCON2	set	4037
    64  0000                     _SSPCON1	set	4038
    65  0000                     _SSPSTAT	set	4039
    66  0000                     _TRISB	set	3987
    67                           
    68                           ; #config settings
    69  0000                     
    70                           	psect	cinit
    71  007E4C                     __pcinit:
    72                           	opt callstack 0
    73  007E4C                     start_initialization:
    74                           	opt callstack 0
    75  007E4C                     __initialization:
    76                           	opt callstack 0
    77                           
    78                           ; Clear objects allocated to COMRAM (1 bytes)
    79  007E4C  6A18               	clrf	__pbssCOMRAM& (0+255),c
    80  007E4E                     end_of_initialization:
    81                           	opt callstack 0
    82  007E4E                     __end_of__initialization:
    83                           	opt callstack 0
    84  007E4E  0100               	movlb	0
    85  007E50  EF8B  F03F         	goto	_main	;jump to C main() function
    86                           
    87                           	psect	bssCOMRAM
    88  000018                     __pbssCOMRAM:
    89                           	opt callstack 0
    90  000018                     __data:
    91                           	opt callstack 0
    92  000018                     	ds	1
    93                           
    94                           	psect	cstackCOMRAM
    95  000001                     __pcstackCOMRAM:
    96                           	opt callstack 0
    97  000001                     ??_i2c_idle:
    98  000001                     ?___lldiv:
    99                           	opt callstack 0
   100  000001                     i2c_send@write:
   101                           	opt callstack 0
   102  000001                     i2c_recieve@_compare:
   103                           	opt callstack 0
   104  000001                     ___lldiv@dividend:
   105                           	opt callstack 0
   106                           
   107                           ; 4 bytes @ 0x0
   108  000001                     	ds	1
   109  000002                     
   110                           ; 1 bytes @ 0x1
   111  000002                     	ds	3
   112  000005                     ___lldiv@divisor:
   113                           	opt callstack 0
   114                           
   115                           ; 4 bytes @ 0x4
   116  000005                     	ds	4
   117  000009                     ___lldiv@quotient:
   118                           	opt callstack 0
   119                           
   120                           ; 4 bytes @ 0x8
   121  000009                     	ds	4
   122  00000D                     ___lldiv@counter:
   123                           	opt callstack 0
   124                           
   125                           ; 1 bytes @ 0xC
   126  00000D                     	ds	1
   127  00000E                     i2c_init_master@rate:
   128                           	opt callstack 0
   129                           
   130                           ; 4 bytes @ 0xD
   131  00000E                     	ds	4
   132  000012                     ??_i2c_init_master:
   133                           
   134                           ; 1 bytes @ 0x11
   135  000012                     	ds	4
   136  000016                     main@i:
   137                           	opt callstack 0
   138                           
   139                           ; 2 bytes @ 0x15
   140  000016                     	ds	2
   141                           
   142 ;;
   143 ;;Main: autosize = 0, tempsize = 0, incstack = 0, save=0
   144 ;;
   145 ;; *************** function _main *****************
   146 ;; Defined at:
   147 ;;		line 11 in file "main.c"
   148 ;; Parameters:    Size  Location     Type
   149 ;;		None
   150 ;; Auto vars:     Size  Location     Type
   151 ;;  i               2   21[COMRAM] int 
   152 ;; Return value:  Size  Location     Type
   153 ;;                  1    wreg      void 
   154 ;; Registers used:
   155 ;;		wreg, status,2, status,0, cstack
   156 ;; Tracked objects:
   157 ;;		On entry : 0/0
   158 ;;		On exit  : 0/0
   159 ;;		Unchanged: 0/0
   160 ;; Data sizes:     COMRAM   BANK0   BANK1   BANK2   BANK3   BANK4   BANK5   BANK6   BANK7
   161 ;;      Params:         0       0       0       0       0       0       0       0       0
   162 ;;      Locals:         2       0       0       0       0       0       0       0       0
   163 ;;      Temps:          0       0       0       0       0       0       0       0       0
   164 ;;      Totals:         2       0       0       0       0       0       0       0       0
   165 ;;Total ram usage:        2 bytes
   166 ;; Hardware stack levels required when called:    3
   167 ;; This function calls:
   168 ;;		_i2c_init_master
   169 ;;		_i2c_recieve
   170 ;;		_i2c_send
   171 ;;		_i2c_start
   172 ;;		_i2c_stop
   173 ;; This function is called by:
   174 ;;		Startup code after reset
   175 ;; This function uses a non-reentrant model
   176 ;;
   177                           
   178                           	psect	text0
   179  007F16                     __ptext0:
   180                           	opt callstack 0
   181  007F16                     _main:
   182                           	opt callstack 28
   183                           
   184                           ;main.c: 12:     TRISD = 0;
   185                           
   186                           ;incstack = 0
   187  007F16  0E00               	movlw	0
   188  007F18  6E95               	movwf	3989,c	;volatile
   189                           
   190                           ;main.c: 13:     LATD = 0;
   191  007F1A  0E00               	movlw	0
   192  007F1C  6E8C               	movwf	3980,c	;volatile
   193                           
   194                           ;main.c: 14:     i2c_init_master(100000);
   195  007F1E  0EA0               	movlw	160
   196  007F20  6E0E               	movwf	i2c_init_master@rate,c
   197  007F22  0E86               	movlw	134
   198  007F24  6E0F               	movwf	i2c_init_master@rate+1,c
   199  007F26  0E01               	movlw	1
   200  007F28  6E10               	movwf	i2c_init_master@rate+2,c
   201  007F2A  0E00               	movlw	0
   202  007F2C  6E11               	movwf	i2c_init_master@rate+3,c
   203  007F2E  EC5C  F03F         	call	_i2c_init_master	;wreg free
   204                           
   205                           ;main.c: 15:     i2c_start();
   206  007F32  EC34  F03F         	call	_i2c_start	;wreg free
   207                           
   208                           ;main.c: 16:     i2c_send(0xA2);
   209  007F36  0EA2               	movlw	162
   210  007F38  EC43  F03F         	call	_i2c_send
   211                           
   212                           ;main.c: 17:     i2c_send(0x55);
   213  007F3C  0E55               	movlw	85
   214  007F3E  EC43  F03F         	call	_i2c_send
   215                           
   216                           ;main.c: 18:     i2c_stop();
   217  007F42  EC22  F03F         	call	_i2c_stop	;wreg free
   218                           
   219                           ;main.c: 20:     for(int i=0;i<10000;i++){}
   220  007F46  0E00               	movlw	0
   221  007F48  6E17               	movwf	main@i+1,c
   222  007F4A  0E00               	movlw	0
   223  007F4C  6E16               	movwf	main@i,c
   224  007F4E                     l937:
   225  007F4E  4A16               	infsnz	main@i,f,c
   226  007F50  2A17               	incf	main@i+1,f,c
   227  007F52  BE17               	btfsc	main@i+1,7,c
   228  007F54  D7FC               	goto	l937
   229  007F56  0E10               	movlw	16
   230  007F58  5C16               	subwf	main@i,w,c
   231  007F5A  0E27               	movlw	39
   232  007F5C  5817               	subwfb	main@i+1,w,c
   233  007F5E  A0D8               	btfss	status,0,c
   234  007F60  D7F6               	goto	l937
   235                           
   236                           ;main.c: 22:     i2c_start();
   237  007F62  EC34  F03F         	call	_i2c_start	;wreg free
   238                           
   239                           ;main.c: 23:     i2c_send(0xA3);
   240  007F66  0EA3               	movlw	163
   241  007F68  EC43  F03F         	call	_i2c_send
   242                           
   243                           ;main.c: 24:     _data = i2c_recieve(0);
   244  007F6C  0E00               	movlw	0
   245  007F6E  EC4D  F03F         	call	_i2c_recieve
   246  007F72  6E18               	movwf	__data,c
   247                           
   248                           ;main.c: 25:     i2c_stop();
   249  007F74  EC22  F03F         	call	_i2c_stop	;wreg free
   250                           
   251                           ;main.c: 26:     LATD = _data;
   252  007F78  C018  FF8C         	movff	__data,3980	;volatile
   253  007F7C                     l90:
   254  007F7C  D7FF               	goto	l90
   255  007F7E                     __end_of_main:
   256                           	opt callstack 0
   257                           
   258 ;; *************** function _i2c_stop *****************
   259 ;; Defined at:
   260 ;;		line 52 in file "i2c.c"
   261 ;; Parameters:    Size  Location     Type
   262 ;;		None
   263 ;; Auto vars:     Size  Location     Type
   264 ;;		None
   265 ;; Return value:  Size  Location     Type
   266 ;;                  1    wreg      void 
   267 ;; Registers used:
   268 ;;		status,2, status,0, cstack
   269 ;; Tracked objects:
   270 ;;		On entry : 0/0
   271 ;;		On exit  : 0/0
   272 ;;		Unchanged: 0/0
   273 ;; Data sizes:     COMRAM   BANK0   BANK1   BANK2   BANK3   BANK4   BANK5   BANK6   BANK7
   274 ;;      Params:         0       0       0       0       0       0       0       0       0
   275 ;;      Locals:         0       0       0       0       0       0       0       0       0
   276 ;;      Temps:          0       0       0       0       0       0       0       0       0
   277 ;;      Totals:         0       0       0       0       0       0       0       0       0
   278 ;;Total ram usage:        0 bytes
   279 ;; Hardware stack levels used:    1
   280 ;; Hardware stack levels required when called:    1
   281 ;; This function calls:
   282 ;;		_mssp_idle
   283 ;; This function is called by:
   284 ;;		_main
   285 ;; This function uses a non-reentrant model
   286 ;;
   287                           
   288                           	psect	text1
   289  007E44                     __ptext1:
   290                           	opt callstack 0
   291  007E44                     _i2c_stop:
   292                           	opt callstack 29
   293                           
   294                           ;i2c.c: 53:     SSPCON2 |= (1<<2);
   295                           
   296                           ;incstack = 0
   297  007E44  84C5               	bsf	4037,2,c	;volatile
   298                           
   299                           ;i2c.c: 54:     mssp_idle();
   300  007E46  EC1A  F03F         	call	_mssp_idle	;wreg free
   301  007E4A  0012               	return		;funcret
   302  007E4C                     __end_of_i2c_stop:
   303                           	opt callstack 0
   304                           
   305 ;; *************** function _i2c_start *****************
   306 ;; Defined at:
   307 ;;		line 36 in file "i2c.c"
   308 ;; Parameters:    Size  Location     Type
   309 ;;		None
   310 ;; Auto vars:     Size  Location     Type
   311 ;;		None
   312 ;; Return value:  Size  Location     Type
   313 ;;                  1    wreg      void 
   314 ;; Registers used:
   315 ;;		wreg, status,2, status,0, cstack
   316 ;; Tracked objects:
   317 ;;		On entry : 0/0
   318 ;;		On exit  : 0/0
   319 ;;		Unchanged: 0/0
   320 ;; Data sizes:     COMRAM   BANK0   BANK1   BANK2   BANK3   BANK4   BANK5   BANK6   BANK7
   321 ;;      Params:         0       0       0       0       0       0       0       0       0
   322 ;;      Locals:         0       0       0       0       0       0       0       0       0
   323 ;;      Temps:          0       0       0       0       0       0       0       0       0
   324 ;;      Totals:         0       0       0       0       0       0       0       0       0
   325 ;;Total ram usage:        0 bytes
   326 ;; Hardware stack levels used:    1
   327 ;; Hardware stack levels required when called:    1
   328 ;; This function calls:
   329 ;;		_i2c_idle
   330 ;;		_mssp_idle
   331 ;; This function is called by:
   332 ;;		_main
   333 ;; This function uses a non-reentrant model
   334 ;;
   335                           
   336                           	psect	text2
   337  007E68                     __ptext2:
   338                           	opt callstack 0
   339  007E68                     _i2c_start:
   340                           	opt callstack 29
   341                           
   342                           ;i2c.c: 37:     i2c_idle();
   343                           
   344                           ;incstack = 0
   345  007E68  EC3A  F03F         	call	_i2c_idle	;wreg free
   346                           
   347                           ;i2c.c: 38:     SSPCON2 |= (1<<0);
   348  007E6C  80C5               	bsf	4037,0,c	;volatile
   349                           
   350                           ;i2c.c: 39:     mssp_idle();
   351  007E6E  EC1A  F03F         	call	_mssp_idle	;wreg free
   352  007E72  0012               	return		;funcret
   353  007E74                     __end_of_i2c_start:
   354                           	opt callstack 0
   355                           
   356 ;; *************** function _i2c_idle *****************
   357 ;; Defined at:
   358 ;;		line 32 in file "i2c.c"
   359 ;; Parameters:    Size  Location     Type
   360 ;;		None
   361 ;; Auto vars:     Size  Location     Type
   362 ;;		None
   363 ;; Return value:  Size  Location     Type
   364 ;;                  1    wreg      void 
   365 ;; Registers used:
   366 ;;		wreg, status,2, status,0
   367 ;; Tracked objects:
   368 ;;		On entry : 0/0
   369 ;;		On exit  : 0/0
   370 ;;		Unchanged: 0/0
   371 ;; Data sizes:     COMRAM   BANK0   BANK1   BANK2   BANK3   BANK4   BANK5   BANK6   BANK7
   372 ;;      Params:         0       0       0       0       0       0       0       0       0
   373 ;;      Locals:         0       0       0       0       0       0       0       0       0
   374 ;;      Temps:          1       0       0       0       0       0       0       0       0
   375 ;;      Totals:         1       0       0       0       0       0       0       0       0
   376 ;;Total ram usage:        1 bytes
   377 ;; Hardware stack levels used:    1
   378 ;; This function calls:
   379 ;;		Nothing
   380 ;; This function is called by:
   381 ;;		_i2c_start
   382 ;; This function uses a non-reentrant model
   383 ;;
   384                           
   385                           	psect	text3
   386  007E74                     __ptext3:
   387                           	opt callstack 0
   388  007E74                     _i2c_idle:
   389                           	opt callstack 29
   390                           
   391                           ;i2c.c: 33:      while (( SSPCON2 & 0x1F ) || ( SSPSTAT & 0x04 )){}
   392                           
   393                           ;incstack = 0
   394  007E74  CFC5 F001          	movff	4037,??_i2c_idle	;volatile
   395  007E78  0E1F               	movlw	31
   396  007E7A  1601               	andwf	??_i2c_idle,f,c
   397  007E7C  A4D8               	btfss	status,2,c
   398  007E7E  D7FA               	goto	_i2c_idle
   399  007E80  A4C7               	btfss	4039,2,c	;volatile
   400  007E82  0012               	return	
   401  007E84  D7F7               	goto	_i2c_idle
   402  007E86                     __end_of_i2c_idle:
   403                           	opt callstack 0
   404                           
   405 ;; *************** function _i2c_send *****************
   406 ;; Defined at:
   407 ;;		line 42 in file "i2c.c"
   408 ;; Parameters:    Size  Location     Type
   409 ;;  write           1    wreg     unsigned char 
   410 ;; Auto vars:     Size  Location     Type
   411 ;;  write           1    0[COMRAM] unsigned char 
   412 ;; Return value:  Size  Location     Type
   413 ;;                  1    wreg      void 
   414 ;; Registers used:
   415 ;;		wreg, status,2, status,0, cstack
   416 ;; Tracked objects:
   417 ;;		On entry : 0/0
   418 ;;		On exit  : 0/0
   419 ;;		Unchanged: 0/0
   420 ;; Data sizes:     COMRAM   BANK0   BANK1   BANK2   BANK3   BANK4   BANK5   BANK6   BANK7
   421 ;;      Params:         0       0       0       0       0       0       0       0       0
   422 ;;      Locals:         1       0       0       0       0       0       0       0       0
   423 ;;      Temps:          0       0       0       0       0       0       0       0       0
   424 ;;      Totals:         1       0       0       0       0       0       0       0       0
   425 ;;Total ram usage:        1 bytes
   426 ;; Hardware stack levels used:    1
   427 ;; Hardware stack levels required when called:    2
   428 ;; This function calls:
   429 ;;		_i2c_repeated_start
   430 ;;		_mssp_idle
   431 ;; This function is called by:
   432 ;;		_main
   433 ;; This function uses a non-reentrant model
   434 ;;
   435                           
   436                           	psect	text4
   437  007E86                     __ptext4:
   438                           	opt callstack 0
   439  007E86                     _i2c_send:
   440                           	opt callstack 28
   441                           
   442                           ;incstack = 0
   443                           ;i2c_send@write stored from wreg
   444  007E86  6E01               	movwf	i2c_send@write,c
   445  007E88                     l45:
   446                           
   447                           ;i2c.c: 44:     SSPBUF = write;
   448  007E88  C001  FFC9         	movff	i2c_send@write,4041	;volatile
   449                           
   450                           ;i2c.c: 45:     mssp_idle();
   451  007E8C  EC1A  F03F         	call	_mssp_idle	;wreg free
   452                           
   453                           ;i2c.c: 46:     if((SSPCON2&(1<<6))==64){
   454  007E90  ACC5               	btfss	4037,6,c	;volatile
   455  007E92  0012               	return	
   456                           
   457                           ;i2c.c: 47:         i2c_repeated_start();
   458  007E94  EC1E  F03F         	call	_i2c_repeated_start	;wreg free
   459                           
   460                           ;i2c.c: 48:         goto L1;
   461  007E98  D7F7               	goto	l45
   462  007E9A                     __end_of_i2c_send:
   463                           	opt callstack 0
   464                           
   465 ;; *************** function _i2c_repeated_start *****************
   466 ;; Defined at:
   467 ;;		line 57 in file "i2c.c"
   468 ;; Parameters:    Size  Location     Type
   469 ;;		None
   470 ;; Auto vars:     Size  Location     Type
   471 ;;		None
   472 ;; Return value:  Size  Location     Type
   473 ;;                  1    wreg      void 
   474 ;; Registers used:
   475 ;;		status,2, status,0, cstack
   476 ;; Tracked objects:
   477 ;;		On entry : 0/0
   478 ;;		On exit  : 0/0
   479 ;;		Unchanged: 0/0
   480 ;; Data sizes:     COMRAM   BANK0   BANK1   BANK2   BANK3   BANK4   BANK5   BANK6   BANK7
   481 ;;      Params:         0       0       0       0       0       0       0       0       0
   482 ;;      Locals:         0       0       0       0       0       0       0       0       0
   483 ;;      Temps:          0       0       0       0       0       0       0       0       0
   484 ;;      Totals:         0       0       0       0       0       0       0       0       0
   485 ;;Total ram usage:        0 bytes
   486 ;; Hardware stack levels used:    1
   487 ;; Hardware stack levels required when called:    1
   488 ;; This function calls:
   489 ;;		_mssp_idle
   490 ;; This function is called by:
   491 ;;		_i2c_send
   492 ;; This function uses a non-reentrant model
   493 ;;
   494                           
   495                           	psect	text5
   496  007E3C                     __ptext5:
   497                           	opt callstack 0
   498  007E3C                     _i2c_repeated_start:
   499                           	opt callstack 28
   500                           
   501                           ;i2c.c: 58:     SSPCON2 |= (1<<1);
   502                           
   503                           ;incstack = 0
   504  007E3C  82C5               	bsf	4037,1,c	;volatile
   505                           
   506                           ;i2c.c: 59:     mssp_idle();
   507  007E3E  EC1A  F03F         	call	_mssp_idle	;wreg free
   508  007E42  0012               	return		;funcret
   509  007E44                     __end_of_i2c_repeated_start:
   510                           	opt callstack 0
   511                           
   512 ;; *************** function _i2c_recieve *****************
   513 ;; Defined at:
   514 ;;		line 62 in file "i2c.c"
   515 ;; Parameters:    Size  Location     Type
   516 ;;  _compare        1    wreg     unsigned char 
   517 ;; Auto vars:     Size  Location     Type
   518 ;;  _compare        1    0[COMRAM] unsigned char 
   519 ;; Return value:  Size  Location     Type
   520 ;;                  1    wreg      unsigned char 
   521 ;; Registers used:
   522 ;;		wreg, status,2, status,0, cstack
   523 ;; Tracked objects:
   524 ;;		On entry : 0/0
   525 ;;		On exit  : 0/0
   526 ;;		Unchanged: 0/0
   527 ;; Data sizes:     COMRAM   BANK0   BANK1   BANK2   BANK3   BANK4   BANK5   BANK6   BANK7
   528 ;;      Params:         0       0       0       0       0       0       0       0       0
   529 ;;      Locals:         1       0       0       0       0       0       0       0       0
   530 ;;      Temps:          0       0       0       0       0       0       0       0       0
   531 ;;      Totals:         1       0       0       0       0       0       0       0       0
   532 ;;Total ram usage:        1 bytes
   533 ;; Hardware stack levels used:    1
   534 ;; Hardware stack levels required when called:    2
   535 ;; This function calls:
   536 ;;		_i2c_akn
   537 ;;		_i2c_nakn
   538 ;; This function is called by:
   539 ;;		_main
   540 ;; This function uses a non-reentrant model
   541 ;;
   542                           
   543                           	psect	text6
   544  007E9A                     __ptext6:
   545                           	opt callstack 0
   546  007E9A                     _i2c_recieve:
   547                           	opt callstack 28
   548                           
   549                           ;incstack = 0
   550                           ;i2c_recieve@_compare stored from wreg
   551  007E9A  6E01               	movwf	i2c_recieve@_compare,c
   552                           
   553                           ;i2c.c: 63:     SSPCON2 |= (1<<3);
   554  007E9C  86C5               	bsf	4037,3,c	;volatile
   555  007E9E                     l56:
   556  007E9E  A0C7               	btfss	4039,0,c	;volatile
   557  007EA0  D7FE               	goto	l56
   558                           
   559                           ;i2c.c: 65:     SSPCON2 &= ~(1<<3);
   560  007EA2  96C5               	bcf	4037,3,c	;volatile
   561                           
   562                           ;i2c.c: 66:     if(_compare==0){
   563  007EA4  5001               	movf	i2c_recieve@_compare,w,c
   564  007EA6  A4D8               	btfss	status,2,c
   565  007EA8  D003               	goto	l851
   566                           
   567                           ;i2c.c: 67:         i2c_akn();
   568  007EAA  EC2A  F03F         	call	_i2c_akn	;wreg free
   569                           
   570                           ;i2c.c: 68:     }
   571  007EAE  D002               	goto	l853
   572  007EB0                     l851:
   573                           
   574                           ;i2c.c: 70:         i2c_nakn();
   575  007EB0  EC2F  F03F         	call	_i2c_nakn	;wreg free
   576  007EB4                     l853:
   577                           
   578                           ;i2c.c: 72:     return SSPBUF;
   579  007EB4  50C9               	movf	4041,w,c	;volatile
   580  007EB6  0012               	return		;funcret
   581  007EB8                     __end_of_i2c_recieve:
   582                           	opt callstack 0
   583                           
   584 ;; *************** function _i2c_nakn *****************
   585 ;; Defined at:
   586 ;;		line 81 in file "i2c.c"
   587 ;; Parameters:    Size  Location     Type
   588 ;;		None
   589 ;; Auto vars:     Size  Location     Type
   590 ;;		None
   591 ;; Return value:  Size  Location     Type
   592 ;;                  1    wreg      void 
   593 ;; Registers used:
   594 ;;		status,2, status,0, cstack
   595 ;; Tracked objects:
   596 ;;		On entry : 0/0
   597 ;;		On exit  : 0/0
   598 ;;		Unchanged: 0/0
   599 ;; Data sizes:     COMRAM   BANK0   BANK1   BANK2   BANK3   BANK4   BANK5   BANK6   BANK7
   600 ;;      Params:         0       0       0       0       0       0       0       0       0
   601 ;;      Locals:         0       0       0       0       0       0       0       0       0
   602 ;;      Temps:          0       0       0       0       0       0       0       0       0
   603 ;;      Totals:         0       0       0       0       0       0       0       0       0
   604 ;;Total ram usage:        0 bytes
   605 ;; Hardware stack levels used:    1
   606 ;; Hardware stack levels required when called:    1
   607 ;; This function calls:
   608 ;;		_mssp_idle
   609 ;; This function is called by:
   610 ;;		_i2c_recieve
   611 ;; This function uses a non-reentrant model
   612 ;;
   613                           
   614                           	psect	text7
   615  007E5E                     __ptext7:
   616                           	opt callstack 0
   617  007E5E                     _i2c_nakn:
   618                           	opt callstack 28
   619                           
   620                           ;i2c.c: 82:     SSPCON2 |= (1<<4);
   621                           
   622                           ;incstack = 0
   623  007E5E  88C5               	bsf	4037,4,c	;volatile
   624                           
   625                           ;i2c.c: 83:     SSPCON2 |= (1<<5);
   626  007E60  8AC5               	bsf	4037,5,c	;volatile
   627                           
   628                           ;i2c.c: 84:     mssp_idle();
   629  007E62  EC1A  F03F         	call	_mssp_idle	;wreg free
   630  007E66  0012               	return		;funcret
   631  007E68                     __end_of_i2c_nakn:
   632                           	opt callstack 0
   633                           
   634 ;; *************** function _i2c_akn *****************
   635 ;; Defined at:
   636 ;;		line 75 in file "i2c.c"
   637 ;; Parameters:    Size  Location     Type
   638 ;;		None
   639 ;; Auto vars:     Size  Location     Type
   640 ;;		None
   641 ;; Return value:  Size  Location     Type
   642 ;;                  1    wreg      void 
   643 ;; Registers used:
   644 ;;		status,2, status,0, cstack
   645 ;; Tracked objects:
   646 ;;		On entry : 0/0
   647 ;;		On exit  : 0/0
   648 ;;		Unchanged: 0/0
   649 ;; Data sizes:     COMRAM   BANK0   BANK1   BANK2   BANK3   BANK4   BANK5   BANK6   BANK7
   650 ;;      Params:         0       0       0       0       0       0       0       0       0
   651 ;;      Locals:         0       0       0       0       0       0       0       0       0
   652 ;;      Temps:          0       0       0       0       0       0       0       0       0
   653 ;;      Totals:         0       0       0       0       0       0       0       0       0
   654 ;;Total ram usage:        0 bytes
   655 ;; Hardware stack levels used:    1
   656 ;; Hardware stack levels required when called:    1
   657 ;; This function calls:
   658 ;;		_mssp_idle
   659 ;; This function is called by:
   660 ;;		_i2c_recieve
   661 ;; This function uses a non-reentrant model
   662 ;;
   663                           
   664                           	psect	text8
   665  007E54                     __ptext8:
   666                           	opt callstack 0
   667  007E54                     _i2c_akn:
   668                           	opt callstack 28
   669                           
   670                           ;i2c.c: 76:     SSPCON2 |= (1<<4);
   671                           
   672                           ;incstack = 0
   673  007E54  88C5               	bsf	4037,4,c	;volatile
   674                           
   675                           ;i2c.c: 77:     SSPCON2 &= ~(1<<5);
   676  007E56  9AC5               	bcf	4037,5,c	;volatile
   677                           
   678                           ;i2c.c: 78:     mssp_idle();
   679  007E58  EC1A  F03F         	call	_mssp_idle	;wreg free
   680  007E5C  0012               	return		;funcret
   681  007E5E                     __end_of_i2c_akn:
   682                           	opt callstack 0
   683                           
   684 ;; *************** function _mssp_idle *****************
   685 ;; Defined at:
   686 ;;		line 27 in file "i2c.c"
   687 ;; Parameters:    Size  Location     Type
   688 ;;		None
   689 ;; Auto vars:     Size  Location     Type
   690 ;;		None
   691 ;; Return value:  Size  Location     Type
   692 ;;                  1    wreg      void 
   693 ;; Registers used:
   694 ;;		status,2, status,0
   695 ;; Tracked objects:
   696 ;;		On entry : 0/0
   697 ;;		On exit  : 0/0
   698 ;;		Unchanged: 0/0
   699 ;; Data sizes:     COMRAM   BANK0   BANK1   BANK2   BANK3   BANK4   BANK5   BANK6   BANK7
   700 ;;      Params:         0       0       0       0       0       0       0       0       0
   701 ;;      Locals:         0       0       0       0       0       0       0       0       0
   702 ;;      Temps:          0       0       0       0       0       0       0       0       0
   703 ;;      Totals:         0       0       0       0       0       0       0       0       0
   704 ;;Total ram usage:        0 bytes
   705 ;; Hardware stack levels used:    1
   706 ;; This function calls:
   707 ;;		Nothing
   708 ;; This function is called by:
   709 ;;		_i2c_start
   710 ;;		_i2c_send
   711 ;;		_i2c_stop
   712 ;;		_i2c_repeated_start
   713 ;;		_i2c_akn
   714 ;;		_i2c_nakn
   715 ;; This function uses a non-reentrant model
   716 ;;
   717                           
   718                           	psect	text9
   719  007E34                     __ptext9:
   720                           	opt callstack 0
   721  007E34                     _mssp_idle:
   722                           	opt callstack 29
   723                           
   724                           ;i2c.c: 28:     while((PIR1&(1<<3)) != 8){}
   725                           
   726                           ;incstack = 0
   727  007E34  A69E               	btfss	3998,3,c	;volatile
   728  007E36  D7FE               	goto	_mssp_idle
   729                           
   730                           ;i2c.c: 29:     PIR1 &= ~(1<<3);
   731  007E38  969E               	bcf	3998,3,c	;volatile
   732  007E3A  0012               	return		;funcret
   733  007E3C                     __end_of_mssp_idle:
   734                           	opt callstack 0
   735                           
   736 ;; *************** function _i2c_init_master *****************
   737 ;; Defined at:
   738 ;;		line 13 in file "i2c.c"
   739 ;; Parameters:    Size  Location     Type
   740 ;;  rate            4   13[COMRAM] unsigned long 
   741 ;; Auto vars:     Size  Location     Type
   742 ;;		None
   743 ;; Return value:  Size  Location     Type
   744 ;;                  1    wreg      void 
   745 ;; Registers used:
   746 ;;		wreg, status,2, status,0, cstack
   747 ;; Tracked objects:
   748 ;;		On entry : 0/0
   749 ;;		On exit  : 0/0
   750 ;;		Unchanged: 0/0
   751 ;; Data sizes:     COMRAM   BANK0   BANK1   BANK2   BANK3   BANK4   BANK5   BANK6   BANK7
   752 ;;      Params:         4       0       0       0       0       0       0       0       0
   753 ;;      Locals:         0       0       0       0       0       0       0       0       0
   754 ;;      Temps:          4       0       0       0       0       0       0       0       0
   755 ;;      Totals:         8       0       0       0       0       0       0       0       0
   756 ;;Total ram usage:        8 bytes
   757 ;; Hardware stack levels used:    1
   758 ;; Hardware stack levels required when called:    1
   759 ;; This function calls:
   760 ;;		___lldiv
   761 ;; This function is called by:
   762 ;;		_main
   763 ;; This function uses a non-reentrant model
   764 ;;
   765                           
   766                           	psect	text10
   767  007EB8                     __ptext10:
   768                           	opt callstack 0
   769  007EB8                     _i2c_init_master:
   770                           	opt callstack 29
   771                           
   772                           ;i2c.c: 14:     TRISB |= (1<<0);
   773                           
   774                           ;incstack = 0
   775  007EB8  8093               	bsf	3987,0,c	;volatile
   776                           
   777                           ;i2c.c: 15:     TRISB |= (1<<1);
   778  007EBA  8293               	bsf	3987,1,c	;volatile
   779                           
   780                           ;i2c.c: 16:     SSPSTAT |= (1<<7);
   781  007EBC  8EC7               	bsf	4039,7,c	;volatile
   782                           
   783                           ;i2c.c: 17:     SSPSTAT &= ~(1<<6);
   784  007EBE  9CC7               	bcf	4039,6,c	;volatile
   785                           
   786                           ;i2c.c: 18:     SSPCON1 = 0x28;
   787  007EC0  0E28               	movlw	40
   788  007EC2  6EC6               	movwf	4038,c	;volatile
   789                           
   790                           ;i2c.c: 20:     SSPCON2 = 0x00;
   791  007EC4  0E00               	movlw	0
   792  007EC6  6EC5               	movwf	4037,c	;volatile
   793                           
   794                           ;i2c.c: 22:     SSPADD = (8000000)/(rate*4)-1;
   795  007EC8  0E00               	movlw	0
   796  007ECA  6E01               	movwf	___lldiv@dividend,c
   797  007ECC  0E12               	movlw	18
   798  007ECE  6E02               	movwf	___lldiv@dividend+1,c
   799  007ED0  0E7A               	movlw	122
   800  007ED2  6E03               	movwf	___lldiv@dividend+2,c
   801  007ED4  0E00               	movlw	0
   802  007ED6  6E04               	movwf	___lldiv@dividend+3,c
   803  007ED8  C00E  F012         	movff	i2c_init_master@rate,??_i2c_init_master
   804  007EDC  C00F  F013         	movff	i2c_init_master@rate+1,??_i2c_init_master+1
   805  007EE0  C010  F014         	movff	i2c_init_master@rate+2,??_i2c_init_master+2
   806  007EE4  C011  F015         	movff	i2c_init_master@rate+3,??_i2c_init_master+3
   807  007EE8  0E02               	movlw	2
   808  007EEA                     u155:
   809  007EEA  90D8               	bcf	status,0,c
   810  007EEC  3612               	rlcf	??_i2c_init_master,f,c
   811  007EEE  3613               	rlcf	??_i2c_init_master+1,f,c
   812  007EF0  3614               	rlcf	??_i2c_init_master+2,f,c
   813  007EF2  3615               	rlcf	??_i2c_init_master+3,f,c
   814  007EF4  2EE8               	decfsz	wreg,f,c
   815  007EF6  D7F9               	goto	u155
   816  007EF8  C012  F005         	movff	??_i2c_init_master,___lldiv@divisor
   817  007EFC  C013  F006         	movff	??_i2c_init_master+1,___lldiv@divisor+1
   818  007F00  C014  F007         	movff	??_i2c_init_master+2,___lldiv@divisor+2
   819  007F04  C015  F008         	movff	??_i2c_init_master+3,___lldiv@divisor+3
   820  007F08  ECBF  F03F         	call	___lldiv	;wreg free
   821  007F0C  0401               	decf	?___lldiv,w,c
   822  007F0E  6EC8               	movwf	4040,c	;volatile
   823                           
   824                           ;i2c.c: 23:     PIE1 |= (1<<3);
   825  007F10  869D               	bsf	3997,3,c	;volatile
   826                           
   827                           ;i2c.c: 24:     PIR1 &= ~(1<<3);
   828  007F12  969E               	bcf	3998,3,c	;volatile
   829  007F14  0012               	return		;funcret
   830  007F16                     __end_of_i2c_init_master:
   831                           	opt callstack 0
   832                           
   833 ;; *************** function ___lldiv *****************
   834 ;; Defined at:
   835 ;;		line 7 in file "C:\Program Files (x86)\Microchip\xc8\v2.05\pic\sources\c99\common\__lldiv.c"
   836 ;; Parameters:    Size  Location     Type
   837 ;;  dividend        4    0[COMRAM] unsigned long 
   838 ;;  divisor         4    4[COMRAM] unsigned long 
   839 ;; Auto vars:     Size  Location     Type
   840 ;;  quotient        4    8[COMRAM] unsigned long 
   841 ;;  counter         1   12[COMRAM] unsigned char 
   842 ;; Return value:  Size  Location     Type
   843 ;;                  4    0[COMRAM] unsigned long 
   844 ;; Registers used:
   845 ;;		wreg, status,2, status,0
   846 ;; Tracked objects:
   847 ;;		On entry : 0/0
   848 ;;		On exit  : 0/0
   849 ;;		Unchanged: 0/0
   850 ;; Data sizes:     COMRAM   BANK0   BANK1   BANK2   BANK3   BANK4   BANK5   BANK6   BANK7
   851 ;;      Params:         8       0       0       0       0       0       0       0       0
   852 ;;      Locals:         5       0       0       0       0       0       0       0       0
   853 ;;      Temps:          0       0       0       0       0       0       0       0       0
   854 ;;      Totals:        13       0       0       0       0       0       0       0       0
   855 ;;Total ram usage:       13 bytes
   856 ;; Hardware stack levels used:    1
   857 ;; This function calls:
   858 ;;		Nothing
   859 ;; This function is called by:
   860 ;;		_i2c_init_master
   861 ;; This function uses a non-reentrant model
   862 ;;
   863                           
   864                           	psect	text11
   865  007F7E                     __ptext11:
   866                           	opt callstack 0
   867  007F7E                     ___lldiv:
   868                           	opt callstack 29
   869                           
   870                           ;incstack = 0
   871  007F7E  0E00               	movlw	0
   872  007F80  6E09               	movwf	___lldiv@quotient,c
   873  007F82  0E00               	movlw	0
   874  007F84  6E0A               	movwf	___lldiv@quotient+1,c
   875  007F86  0E00               	movlw	0
   876  007F88  6E0B               	movwf	___lldiv@quotient+2,c
   877  007F8A  0E00               	movlw	0
   878  007F8C  6E0C               	movwf	___lldiv@quotient+3,c
   879  007F8E  5005               	movf	___lldiv@divisor,w,c
   880  007F90  1006               	iorwf	___lldiv@divisor+1,w,c
   881  007F92  1007               	iorwf	___lldiv@divisor+2,w,c
   882  007F94  1008               	iorwf	___lldiv@divisor+3,w,c
   883  007F96  B4D8               	btfsc	status,2,c
   884  007F98  D02A               	goto	l123
   885  007F9A  0E01               	movlw	1
   886  007F9C  6E0D               	movwf	___lldiv@counter,c
   887  007F9E  D006               	goto	l893
   888  007FA0                     l891:
   889  007FA0  90D8               	bcf	status,0,c
   890  007FA2  3605               	rlcf	___lldiv@divisor,f,c
   891  007FA4  3606               	rlcf	___lldiv@divisor+1,f,c
   892  007FA6  3607               	rlcf	___lldiv@divisor+2,f,c
   893  007FA8  3608               	rlcf	___lldiv@divisor+3,f,c
   894  007FAA  2A0D               	incf	___lldiv@counter,f,c
   895  007FAC                     l893:
   896  007FAC  AE08               	btfss	___lldiv@divisor+3,7,c
   897  007FAE  D7F8               	goto	l891
   898  007FB0                     u130:
   899  007FB0  90D8               	bcf	status,0,c
   900  007FB2  3609               	rlcf	___lldiv@quotient,f,c
   901  007FB4  360A               	rlcf	___lldiv@quotient+1,f,c
   902  007FB6  360B               	rlcf	___lldiv@quotient+2,f,c
   903  007FB8  360C               	rlcf	___lldiv@quotient+3,f,c
   904  007FBA  5005               	movf	___lldiv@divisor,w,c
   905  007FBC  5C01               	subwf	___lldiv@dividend,w,c
   906  007FBE  5006               	movf	___lldiv@divisor+1,w,c
   907  007FC0  5802               	subwfb	___lldiv@dividend+1,w,c
   908  007FC2  5007               	movf	___lldiv@divisor+2,w,c
   909  007FC4  5803               	subwfb	___lldiv@dividend+2,w,c
   910  007FC6  5008               	movf	___lldiv@divisor+3,w,c
   911  007FC8  5804               	subwfb	___lldiv@dividend+3,w,c
   912  007FCA  A0D8               	btfss	status,0,c
   913  007FCC  D009               	goto	l903
   914  007FCE  5005               	movf	___lldiv@divisor,w,c
   915  007FD0  5E01               	subwf	___lldiv@dividend,f,c
   916  007FD2  5006               	movf	___lldiv@divisor+1,w,c
   917  007FD4  5A02               	subwfb	___lldiv@dividend+1,f,c
   918  007FD6  5007               	movf	___lldiv@divisor+2,w,c
   919  007FD8  5A03               	subwfb	___lldiv@dividend+2,f,c
   920  007FDA  5008               	movf	___lldiv@divisor+3,w,c
   921  007FDC  5A04               	subwfb	___lldiv@dividend+3,f,c
   922  007FDE  8009               	bsf	___lldiv@quotient,0,c
   923  007FE0                     l903:
   924  007FE0  90D8               	bcf	status,0,c
   925  007FE2  3208               	rrcf	___lldiv@divisor+3,f,c
   926  007FE4  3207               	rrcf	___lldiv@divisor+2,f,c
   927  007FE6  3206               	rrcf	___lldiv@divisor+1,f,c
   928  007FE8  3205               	rrcf	___lldiv@divisor,f,c
   929  007FEA  2E0D               	decfsz	___lldiv@counter,f,c
   930  007FEC  D7E1               	goto	u130
   931  007FEE                     l123:
   932  007FEE  C009  F001         	movff	___lldiv@quotient,?___lldiv
   933  007FF2  C00A  F002         	movff	___lldiv@quotient+1,?___lldiv+1
   934  007FF6  C00B  F003         	movff	___lldiv@quotient+2,?___lldiv+2
   935  007FFA  C00C  F004         	movff	___lldiv@quotient+3,?___lldiv+3
   936  007FFE  0012               	return		;funcret
   937  008000                     __end_of___lldiv:
   938                           	opt callstack 0
   939  0000                     
   940                           	psect	rparam
   941  0000                     tosu	equ	0xFFF
   942                           tosh	equ	0xFFE
   943                           tosl	equ	0xFFD
   944                           stkptr	equ	0xFFC
   945                           pclatu	equ	0xFFB
   946                           pclath	equ	0xFFA
   947                           pcl	equ	0xFF9
   948                           tblptru	equ	0xFF8
   949                           tblptrh	equ	0xFF7
   950                           tblptrl	equ	0xFF6
   951                           tablat	equ	0xFF5
   952                           prodh	equ	0xFF4
   953                           prodl	equ	0xFF3
   954                           indf0	equ	0xFEF
   955                           postinc0	equ	0xFEE
   956                           postdec0	equ	0xFED
   957                           preinc0	equ	0xFEC
   958                           plusw0	equ	0xFEB
   959                           fsr0h	equ	0xFEA
   960                           fsr0l	equ	0xFE9
   961                           wreg	equ	0xFE8
   962                           indf1	equ	0xFE7
   963                           postinc1	equ	0xFE6
   964                           postdec1	equ	0xFE5
   965                           preinc1	equ	0xFE4
   966                           plusw1	equ	0xFE3
   967                           fsr1h	equ	0xFE2
   968                           fsr1l	equ	0xFE1
   969                           bsr	equ	0xFE0
   970                           indf2	equ	0xFDF
   971                           postinc2	equ	0xFDE
   972                           postdec2	equ	0xFDD
   973                           preinc2	equ	0xFDC
   974                           plusw2	equ	0xFDB
   975                           fsr2h	equ	0xFDA
   976                           fsr2l	equ	0xFD9
   977                           status	equ	0xFD8


Data Sizes:
    Strings     0
    Constant    0
    Data        0
    BSS         1
    Persistent  0
    Stack       0

Auto Spaces:
    Space          Size  Autos    Used
    COMRAM           95     23      24
    BANK0           160      0       0
    BANK1           256      0       0
    BANK2           256      0       0
    BANK3           256      0       0
    BANK4           256      0       0
    BANK5           256      0       0
    BANK6           256      0       0
    BANK7           256      0       0

Pointer List with Targets:

    None.

Critical Paths under _main in COMRAM

    _main->_i2c_init_master
    _i2c_start->_i2c_idle
    _i2c_init_master->___lldiv

Critical Paths under _main in BANK0

    None.

Critical Paths under _main in BANK1

    None.

Critical Paths under _main in BANK2

    None.

Critical Paths under _main in BANK3

    None.

Critical Paths under _main in BANK4

    None.

Critical Paths under _main in BANK5

    None.

Critical Paths under _main in BANK6

    None.

Critical Paths under _main in BANK7

    None.

Call Graph Tables:

 ---------------------------------------------------------------------------------
 (Depth) Function   	        Calls       Base Space   Used Autos Params    Refs
 ---------------------------------------------------------------------------------
 (0) _main                                                 2     2      0     488
                                             21 COMRAM     2     2      0
                    _i2c_init_master
                        _i2c_recieve
                           _i2c_send
                          _i2c_start
                           _i2c_stop
 ---------------------------------------------------------------------------------
 (1) _i2c_stop                                             0     0      0       0
                          _mssp_idle
 ---------------------------------------------------------------------------------
 (1) _i2c_start                                            0     0      0       0
                           _i2c_idle
                          _mssp_idle
 ---------------------------------------------------------------------------------
 (2) _i2c_idle                                             1     1      0       0
                                              0 COMRAM     1     1      0
 ---------------------------------------------------------------------------------
 (1) _i2c_send                                             1     1      0      15
                                              0 COMRAM     1     1      0
                 _i2c_repeated_start
                          _mssp_idle
 ---------------------------------------------------------------------------------
 (2) _i2c_repeated_start                                   0     0      0       0
                          _mssp_idle
 ---------------------------------------------------------------------------------
 (1) _i2c_recieve                                          1     1      0      15
                                              0 COMRAM     1     1      0
                            _i2c_akn
                           _i2c_nakn
 ---------------------------------------------------------------------------------
 (2) _i2c_nakn                                             0     0      0       0
                          _mssp_idle
 ---------------------------------------------------------------------------------
 (2) _i2c_akn                                              0     0      0       0
                          _mssp_idle
 ---------------------------------------------------------------------------------
 (2) _mssp_idle                                            0     0      0       0
 ---------------------------------------------------------------------------------
 (1) _i2c_init_master                                      8     4      4     412
                                             13 COMRAM     8     4      4
                            ___lldiv
 ---------------------------------------------------------------------------------
 (2) ___lldiv                                             13     5      8     314
                                              0 COMRAM    13     5      8
 ---------------------------------------------------------------------------------
 Estimated maximum stack depth 2
 ---------------------------------------------------------------------------------

 Call Graph Graphs:

 _main (ROOT)
   _i2c_init_master
     ___lldiv
   _i2c_recieve
     _i2c_akn
       _mssp_idle
     _i2c_nakn
       _mssp_idle
   _i2c_send
     _i2c_repeated_start
       _mssp_idle
     _mssp_idle
   _i2c_start
     _i2c_idle
     _mssp_idle
   _i2c_stop
     _mssp_idle

 Address spaces:
Name               Size   Autos  Total    Cost      Usage
BIGRAM             7FF      0       0      21        0.0%
EEDATA             100      0       0       0        0.0%
BITBANK7           100      0       0      18        0.0%
BANK7              100      0       0      19        0.0%
BITBANK6           100      0       0      16        0.0%
BANK6              100      0       0      17        0.0%
BITBANK5           100      0       0      14        0.0%
BANK5              100      0       0      15        0.0%
BITBANK4           100      0       0      12        0.0%
BANK4              100      0       0      13        0.0%
BITBANK3           100      0       0      10        0.0%
BANK3              100      0       0      11        0.0%
BITBANK2           100      0       0       8        0.0%
BANK2              100      0       0       9        0.0%
BITBANK1           100      0       0       6        0.0%
BANK1              100      0       0       7        0.0%
BITBANK0            A0      0       0       4        0.0%
BANK0               A0      0       0       5        0.0%
BITCOMRAM           5F      0       0       0        0.0%
COMRAM              5F     17      18       1       25.3%
BITSFR               0      0       0     200        0.0%
SFR                  0      0       0     200        0.0%
STACK                0      0       0       2        0.0%
NULL                 0      0       0       0        0.0%
ABS                  0      0      18      20        0.0%
DATA                 0      0      18       3        0.0%
CODE                 0      0       0       0        0.0%


Microchip Technology PIC18 Macro Assembler V2.05 build -831301201 
Symbol Table                                                                                   Sat Aug 31 23:37:01 2019

                         l45 7E88                           l56 7E9E                           l90 7F7C  
                __CFG_BOR$ON 000000                  __CFG_BORV$3 000000                 __CFG_CP0$OFF 000000  
               __CFG_CP1$OFF 000000                 __CFG_CP2$OFF 000000                 __CFG_CP3$OFF 000000  
                __CFG_LVP$ON 000000                          l123 7FEE                          l903 7FE0  
                        l851 7EB0                          l853 7EB4                          l937 7F4E  
                        l891 7FA0                          l893 7FAC                 __CFG_CPB$OFF 000000  
                        u130 7FB0                          u155 7EEA                 __CFG_CPD$OFF 000000  
                        wreg 000FE8                 __CFG_WDT$OFF 000000                         _LATD 000F8C  
                       _PIE1 000F9D                         _PIR1 000F9E                         _main 7F16  
                       start 0000                __CFG_IESO$OFF 000000                ??_i2c_recieve 0001  
               ___param_bank 000000              __end_of_i2c_akn 7E5E                __CFG_PLLDIV$1 000000  
             __CFG_CCP2MX$ON 000000                        ?_main 0001              __end_of___lldiv 8000  
              __CFG_USBDIV$1 000000                        _TRISB 000F93                        _TRISD 000F95  
              __CFG_PWRT$OFF 000000                __CFG_WRT0$OFF 000000                __CFG_WRT1$OFF 000000  
              __CFG_WRT2$OFF 000000                __CFG_WRT3$OFF 000000               __CFG_EBTR0$OFF 000000  
             __CFG_FCMEN$OFF 000000               __CFG_EBTR1$OFF 000000               __CFG_EBTR2$OFF 000000  
             __CFG_EBTR3$OFF 000000                __CFG_WRTB$OFF 000000                __CFG_WRTC$OFF 000000  
              __CFG_WRTD$OFF 000000                        __data 0018               __CFG_EBTRB$OFF 000000  
                      main@i 0016                        status 000FD8               __CFG_ICPRT$OFF 000000  
             __CFG_MCLRE$OFF 000000              __initialization 7E4C                 __end_of_main 7F7E  
           __end_of_i2c_idle 7E86             __end_of_i2c_nakn 7E68             __end_of_i2c_send 7E9A  
           __end_of_i2c_stop 7E4C          __end_of_i2c_recieve 7EB8                       ??_main 0016  
              __activetblptr 000000                       _SSPADD 000FC8                       _SSPBUF 000FC9  
         __size_of_i2c_start 000C                    ??_i2c_akn 0001               __CFG_XINST$OFF 000000  
            _i2c_init_master 7EB8               __CFG_STVREN$ON 000000                    ??___lldiv 0009  
         _i2c_repeated_start 7E3C          ?_i2c_repeated_start 0001                   __accesstop 0060  
    __end_of__initialization 7E4E              __CFG_PBADEN$OFF 000000                ___rparam_used 000001  
                _i2c_recieve 7E9A               __pcstackCOMRAM 0001         ??_i2c_repeated_start 0001  
          __end_of_i2c_start 7E74                    ?_i2c_idle 0001                    ?_i2c_nakn 0001  
                  ?_i2c_send 0001      __end_of_i2c_init_master 7F16                    ?_i2c_stop 0001  
         __size_of_mssp_idle 0008                      _SSPCON1 000FC6                      _SSPCON2 000FC5  
                    _SSPSTAT 000FC7                   ??_i2c_idle 0001                   ??_i2c_nakn 0001  
            __CFG_VREGEN$OFF 000000                   ??_i2c_send 0001                   ??_i2c_stop 0001  
                    _i2c_akn 7E54                      __Hparam 0000                i2c_send@write 0001  
                    __Lparam 0000                      ___lldiv 7F7E                      __pcinit 7E4C  
                    __ramtop 0800                      __ptext0 7F16                      __ptext1 7E44  
                    __ptext2 7E68                      __ptext3 7E74                      __ptext4 7E86  
                    __ptext5 7E3C                      __ptext6 7E9A                      __ptext7 7E5E  
                    __ptext8 7E54                      __ptext9 7E34         end_of_initialization 7E4E  
           ?_i2c_init_master 000E              ___lldiv@divisor 0005            __end_of_mssp_idle 7E3C  
            ___lldiv@counter 000D                 ?_i2c_recieve 0001          start_initialization 7E4C  
                  _i2c_start 7E68            __size_of_i2c_idle 0012            __size_of_i2c_nakn 000A  
          __size_of_i2c_send 0014            __size_of_i2c_stop 0008             __CFG_LPT1OSC$OFF 000000  
__size_of_i2c_repeated_start 0008                  __pbssCOMRAM 0018                   ?_i2c_start 0001  
                   ?_i2c_akn 0001                     ?___lldiv 0001          i2c_init_master@rate 000E  
        i2c_recieve@_compare 0001             __CFG_WDTPS$32768 000000         __size_of_i2c_recieve 001E  
                  _mssp_idle 7E34                  ??_i2c_start 0002                     _i2c_idle 7E74  
                   _i2c_nakn 7E5E                     _i2c_send 7E86                     _i2c_stop 7E44  
           __size_of_i2c_akn 000A                     __Hrparam 0000                     __Lrparam 0000  
   __size_of_i2c_init_master 005E                   ?_mssp_idle 0001             __size_of___lldiv 0082  
      __CFG_FOSC$INTOSCIO_EC 000000                     __ptext10 7EB8                     __ptext11 7F7E  
              __size_of_main 0068        __CFG_CPUDIV$OSC1_PLL2 000000             ___lldiv@dividend 0001  
 __end_of_i2c_repeated_start 7E44                  ??_mssp_idle 0001            ??_i2c_init_master 0012  
           ___lldiv@quotient 0009  
