

Microchip MPLAB XC8 Assembler V2.05 build -831301201 
                                                                                               Wed Jul 03 17:40:50 2019

Microchip MPLAB XC8 C Compiler v2.05 (Free license) build 20181220022703 Og1 
     1                           	processor	18F2220
     2                           	fnconf	rparam,??,?,0
     3                           	opt	pw 120
     4                           	opt	flic
     5                           	psect	cinit,global,reloc=2,class=CODE,delta=1
     6                           	psect	cstackCOMRAM,global,class=COMRAM,space=1,delta=1,noexec
     7                           	psect	text0,global,reloc=2,class=CODE,delta=1
     8                           	psect	intsave_regs,global,class=BIGRAM,space=1,delta=1,noexec
     9                           	psect	rparam,global,class=COMRAM,space=1,delta=1,noexec
    10  0000                     
    11                           ; Version 2.05
    12                           ; Generated 20/12/2018 GMT
    13                           ; 
    14                           ; Copyright © 2018, Microchip Technology Inc. and its subsidiaries ("Microchip")
    15                           ; All rights reserved.
    16                           ; 
    17                           ; This software is developed by Microchip Technology Inc. and its subsidiaries ("Microch
      +                          ip").
    18                           ; 
    19                           ; Redistribution and use in source and binary forms, with or without modification, are
    20                           ; permitted provided that the following conditions are met:
    21                           ; 
    22                           ;     1. Redistributions of source code must retain the above copyright notice, this lis
      +                          t of
    23                           ;        conditions and the following disclaimer.
    24                           ; 
    25                           ;     2. Redistributions in binary form must reproduce the above copyright notice, this 
      +                          list
    26                           ;        of conditions and the following disclaimer in the documentation and/or other
    27                           ;        materials provided with the distribution.
    28                           ; 
    29                           ;     3. Microchip's name may not be used to endorse or promote products derived from th
      +                          is
    30                           ;        software without specific prior written permission.
    31                           ; 
    32                           ; THIS SOFTWARE IS PROVIDED BY MICROCHIP "AS IS" AND ANY EXPRESS OR IMPLIED WARRANTIES,
    33                           ; INCLUDING, BUT NOT LIMITED TO, THE IMPLIED WARRANTIES OF MERCHANTABILITY AND FITNESS F
      +                          OR
    34                           ; PURPOSE ARE DISCLAIMED.  IN NO EVENT SHALL MICROCHIP BE LIABLE FOR ANY DIRECT, INDIREC
      +                          T,
    35                           ; INCIDENTAL, SPECIAL, EXEMPLARY, OR CONSEQUENTIAL DAMAGES (INCLUDING BUT NOT LIMITED TO
    36                           ; PROCUREMENT OF SUBSTITUTE GOODS OR SERVICES; LOSS OF USE, DATA OR PROFITS; OR BUSINESS
    37                           ; INTERRUPTION) HOWSOEVER CAUSED AND ON ANY THEORY OF LIABILITY, WHETHER IN CONTRACT, ST
      +                          RICT
    38                           ; LIABILITY, OR TORT (INCLUDING NEGLIGENCE OR OTHERWISE) ARISING IN ANY WAY OUT OF THE U
      +                          SE OF
    39                           ; THIS SOFTWARE, EVEN IF ADVISED OF THE POSSIBILITY OF SUCH DAMAGE.
    40                           ; 
    41                           ; 
    42                           ; Code-generator required, PIC18F2220 Definitions
    43                           ; 
    44                           ; SFR Addresses
    45  0000                     _LATBbits	set	3978
    46  0000                     _OSCCON	set	4051
    47  0000                     _TRISBbits	set	3987
    48                           
    49                           ; #config settings
    50  0000                     
    51                           	psect	cinit
    52  000FC4                     __pcinit:
    53                           	opt callstack 0
    54  000FC4                     start_initialization:
    55                           	opt callstack 0
    56  000FC4                     __initialization:
    57                           	opt callstack 0
    58  000FC4                     end_of_initialization:
    59                           	opt callstack 0
    60  000FC4                     __end_of__initialization:
    61                           	opt callstack 0
    62  000FC4  0100               	movlb	0
    63  000FC6  EFE5  F007         	goto	_main	;jump to C main() function
    64                           
    65                           	psect	cstackCOMRAM
    66  000001                     __pcstackCOMRAM:
    67                           	opt callstack 0
    68  000001                     ??_main:
    69                           
    70                           ; 1 bytes @ 0x0
    71  000001                     	ds	2
    72                           
    73 ;;
    74 ;;Main: autosize = 0, tempsize = 2, incstack = 0, save=0
    75 ;;
    76 ;; *************** function _main *****************
    77 ;; Defined at:
    78 ;;		line 14 in file "xc.c"
    79 ;; Parameters:    Size  Location     Type
    80 ;;		None
    81 ;; Auto vars:     Size  Location     Type
    82 ;;		None
    83 ;; Return value:  Size  Location     Type
    84 ;;                  1    wreg      void 
    85 ;; Registers used:
    86 ;;		wreg, status,2, status,0
    87 ;; Tracked objects:
    88 ;;		On entry : 0/0
    89 ;;		On exit  : 0/0
    90 ;;		Unchanged: 0/0
    91 ;; Data sizes:     COMRAM   BANK0   BANK1
    92 ;;      Params:         0       0       0
    93 ;;      Locals:         0       0       0
    94 ;;      Temps:          2       0       0
    95 ;;      Totals:         2       0       0
    96 ;;Total ram usage:        2 bytes
    97 ;; This function calls:
    98 ;;		Nothing
    99 ;; This function is called by:
   100 ;;		Startup code after reset
   101 ;; This function uses a non-reentrant model
   102 ;;
   103                           
   104                           	psect	text0
   105  000FCA                     __ptext0:
   106                           	opt callstack 0
   107  000FCA                     _main:
   108                           	opt callstack 31
   109                           
   110                           ;xc.c: 16:     TRISBbits.RB0 = 0;
   111                           
   112                           ;incstack = 0
   113  000FCA  9093               	bcf	3987,0,c	;volatile
   114                           
   115                           ;xc.c: 17:     OSCCON = 0x76;
   116  000FCC  0E76               	movlw	118
   117  000FCE  6ED3               	movwf	4051,c	;volatile
   118  000FD0                     l696:
   119                           
   120                           ;xc.c: 19:         LATBbits.LATB0 = ~LATBbits.LATB0;
   121  000FD0  A08A               	btfss	3978,0,c	;volatile
   122  000FD2  D002               	goto	u10
   123  000FD4  0E01               	movlw	1
   124  000FD6  D001               	goto	u16
   125  000FD8                     u10:
   126  000FD8  0E00               	movlw	0
   127  000FDA                     u16:
   128  000FDA  0AFF               	xorlw	255
   129  000FDC  6E01               	movwf	??_main& (0+255),c
   130  000FDE  508A               	movf	3978,w,c	;volatile
   131  000FE0  1801               	xorwf	??_main,w,c
   132  000FE2  0BFE               	andlw	-2
   133  000FE4  1801               	xorwf	??_main,w,c
   134  000FE6  6E8A               	movwf	3978,c	;volatile
   135                           
   136                           ;xc.c: 20:         _delay((unsigned long)((1000)*(8000000/4000.0)));
   137  000FE8  0E0B               	movlw	11
   138  000FEA  6E02               	movwf	(??_main+1)& (0+255),c
   139  000FEC  0E26               	movlw	38
   140  000FEE  6E01               	movwf	??_main& (0+255),c
   141  000FF0  0E5E               	movlw	94
   142  000FF2                     u27:
   143  000FF2  2EE8               	decfsz	wreg,f,c
   144  000FF4  D7FE               	bra	u27
   145  000FF6  2E01               	decfsz	??_main& (0+255),f,c
   146  000FF8  D7FC               	bra	u27
   147  000FFA  2E02               	decfsz	(??_main+1)& (0+255),f,c
   148  000FFC  D7FA               	bra	u27
   149  000FFE  D7E8               	goto	l696
   150  001000                     __end_of_main:
   151                           	opt callstack 0
   152  0000                     
   153                           	psect	rparam
   154  0000                     tosu	equ	0xFFF
   155                           tosh	equ	0xFFE
   156                           tosl	equ	0xFFD
   157                           stkptr	equ	0xFFC
   158                           pclatu	equ	0xFFB
   159                           pclath	equ	0xFFA
   160                           pcl	equ	0xFF9
   161                           tblptru	equ	0xFF8
   162                           tblptrh	equ	0xFF7
   163                           tblptrl	equ	0xFF6
   164                           tablat	equ	0xFF5
   165                           prodh	equ	0xFF4
   166                           prodl	equ	0xFF3
   167                           indf0	equ	0xFEF
   168                           postinc0	equ	0xFEE
   169                           postdec0	equ	0xFED
   170                           preinc0	equ	0xFEC
   171                           plusw0	equ	0xFEB
   172                           fsr0h	equ	0xFEA
   173                           fsr0l	equ	0xFE9
   174                           wreg	equ	0xFE8
   175                           indf1	equ	0xFE7
   176                           postinc1	equ	0xFE6
   177                           postdec1	equ	0xFE5
   178                           preinc1	equ	0xFE4
   179                           plusw1	equ	0xFE3
   180                           fsr1h	equ	0xFE2
   181                           fsr1l	equ	0xFE1
   182                           bsr	equ	0xFE0
   183                           indf2	equ	0xFDF
   184                           postinc2	equ	0xFDE
   185                           postdec2	equ	0xFDD
   186                           preinc2	equ	0xFDC
   187                           plusw2	equ	0xFDB
   188                           fsr2h	equ	0xFDA
   189                           fsr2l	equ	0xFD9
   190                           status	equ	0xFD8


Data Sizes:
    Strings     0
    Constant    0
    Data        0
    BSS         0
    Persistent  0
    Stack       0

Auto Spaces:
    Space          Size  Autos    Used
    COMRAM          127      2       2
    BANK0           128      0       0
    BANK1           256      0       0

Pointer List with Targets:

    None.

Critical Paths under _main in COMRAM

    None.

Critical Paths under _main in BANK0

    None.

Critical Paths under _main in BANK1

    None.

Call Graph Tables:

 ---------------------------------------------------------------------------------
 (Depth) Function   	        Calls       Base Space   Used Autos Params    Refs
 ---------------------------------------------------------------------------------
 (0) _main                                                 2     2      0       0
                                              0 COMRAM     2     2      0
 ---------------------------------------------------------------------------------
 Estimated maximum stack depth 0
 ---------------------------------------------------------------------------------

 Call Graph Graphs:

 _main (ROOT)

 Address spaces:
Name               Size   Autos  Total    Cost      Usage
BITCOMRAM           7F      0       0       0        0.0%
EEDATA             100      0       0       0        0.0%
NULL                 0      0       0       0        0.0%
CODE                 0      0       0       0        0.0%
COMRAM              7F      2       2       1        1.6%
STACK                0      0       0       2        0.0%
BITBANK0            80      0       0       3        0.0%
BANK0               80      0       0       4        0.0%
BITBANK1           100      0       0       5        0.0%
BANK1              100      0       0       6        0.0%
ABS                  0      0       0       7        0.0%
BIGRAM             1FF      0       0       8        0.0%
DATA                 0      0       0       9        0.0%
BITSFR               0      0       0     200        0.0%
SFR                  0      0       0     200        0.0%


Microchip Technology PIC18 Macro Assembler V2.05 build -831301201 
Symbol Table                                                                                   Wed Jul 03 17:40:50 2019

                     u10 0FD8                       u16 0FDA                       u27 0FF2  
           __CFG_CP0$OFF 000000             __CFG_CP1$OFF 000000              __CFG_LVP$ON 000000  
                    l696 0FD0             __CFG_CPB$OFF 000000             __CFG_CPD$OFF 000000  
           __CFG_BOR$OFF 000000             __CFG_BORV$20 000000                      wreg 000FE8  
           __CFG_FSCM$ON 000000             __CFG_IESO$ON 000000             __CFG_WDT$OFF 000000  
           __CFG_STVR$ON 000000                     _main 0FCA            __CFG_PBAD$ANA 000000  
                   start 0000             ___param_bank 000000           __CFG_CCP2MX$ON 000000  
                  ?_main 0001            __CFG_PWRT$OFF 000000            __CFG_WRT0$OFF 000000  
          __CFG_WRT1$OFF 000000           __CFG_EBTR0$OFF 000000           __CFG_EBTR1$OFF 000000  
          __CFG_WRTB$OFF 000000            __CFG_WRTC$OFF 000000            __CFG_WRTD$OFF 000000  
         __CFG_EBTRB$OFF 000000           __CFG_MCLRE$OFF 000000          __initialization 0FC4  
           __end_of_main 1000                   ??_main 0001            __activetblptr 000000  
                 _OSCCON 000FD3               __accesstop 0080  __end_of__initialization 0FC4  
          ___rparam_used 000001           __pcstackCOMRAM 0001          __CFG_OSC$INTIO2 000000  
                __Hparam 0000                  __Lparam 0000                  __pcinit 0FC4  
                __ramtop 0200                  __ptext0 0FCA     end_of_initialization 0FC4  
              _TRISBbits 000F93      start_initialization 0FC4                 _LATBbits 000F8A  
       __CFG_WDTPS$32768 000000                 __Hrparam 0000                 __Lrparam 0000  
          __size_of_main 0036  
